<?xml version="1.0" encoding="UTF-8"?>
<testsuite xmlns:xsi="http://www.w3.org/2001/XMLSchema-instance" xsi:noNamespaceSchemaLocation="https://maven.apache.org/surefire/maven-surefire-plugin/xsd/surefire-test-report-3.0.xsd" version="3.0" name="com.example.demo.DemoApplicationTests" time="4.044" tests="1" errors="0" skipped="0" failures="0">
  <properties>
[...]
</properties>
  <testcase name="contextLoads" classname="com.example.demo.DemoApplicationTests" time="0.893">
    <system-out><![CDATA[01:11:13.831 [main] INFO org.springframework.test.context.support.AnnotationConfigContextLoaderUtils -- Could not detect default configuration classes for test class [com.example.demo.DemoApplicationTests]: DemoApplicationTests does not declare any static, non-private, non-final, nested classes annotated with @Configuration.
01:11:13.964 [main] INFO org.springframework.boot.test.context.SpringBootTestContextBootstrapper -- Found @SpringBootConfiguration com.example.demo.DemoApplication for test class com.example.demo.DemoApplicationTests

  .   ____          _            __ _ _
 /\\ / ___'_ __ _ _(_)_ __  __ _ \ \ \ \
( ( )\___ | '_ | '_| | '_ \/ _` | \ \ \ \
 \\/  ___)| |_)| | | | | || (_| |  ) ) ) )
  '  |____| .__|_| |_|_| |_\__, | / / / /
 =========|_|==============|___/=/_/_/_/
 :: Spring Boot ::                (v3.2.0)

2024-05-28T01:11:14.614-04:00  INFO 9504 --- [demo] [           main] com.example.demo.DemoApplicationTests    : Starting DemoApplicationTests using Java 17.0.11 with PID 9504 (started by 76548 in C:\Users\76548\Downloads\demo)
2024-05-28T01:11:14.614-04:00  INFO 9504 --- [demo] [           main] com.example.demo.DemoApplicationTests    : No active profile set, falling back to 1 default profile: "default"
2024-05-28T01:11:15.880-04:00  WARN 9504 --- [demo] [           main] o.s.security.core.userdetails.User       : User.withDefaultPasswordEncoder() is considered unsafe for production and is only intended for sample applications.
2024-05-28T01:11:16.452-04:00  INFO 9504 --- [demo] [           main] o.s.s.web.DefaultSecurityFilterChain     : Will secure any request with [org.springframework.security.web.session.DisableEncodeUrlFilter@688a2c09, org.springframework.security.web.context.request.async.WebAsyncManagerIntegrationFilter@5de5e95, org.springframework.security.web.context.SecurityContextHolderFilter@118dcbbd, org.springframework.security.web.header.HeaderWriterFilter@7be2f29a, org.springframework.web.filter.CorsFilter@365cdacf, org.springframework.security.web.csrf.CsrfFilter@2a43e0ac, org.springframework.security.web.authentication.logout.LogoutFilter@28369db0, org.springframework.security.web.authentication.www.BasicAuthenticationFilter@314b9e4b, org.springframework.security.web.savedrequest.RequestCacheAwareFilter@350ec690, org.springframework.security.web.servletapi.SecurityContextHolderAwareRequestFilter@49cb1baf, org.springframework.security.web.authentication.AnonymousAuthenticationFilter@303c55fa, org.springframework.security.web.access.ExceptionTranslationFilter@6a9cd0f8, org.springframework.security.web.access.intercept.AuthorizationFilter@2b7e8044]
2024-05-28T01:11:16.764-04:00  INFO 9504 --- [demo] [           main] com.example.demo.DemoApplicationTests    : Started DemoApplicationTests in 2.567 seconds (process running for 3.757)
]]></system-out>
  </testcase>
</testsuite>